# JRE version: OpenJDK Runtime Environment (8.0_152-b01) (build 1.8.0_152-release-1248-b01)
# Java VM: OpenJDK 64-Bit Server VM (25.152-b01 mixed mode windows-amd64 compressed oops)
Heap:
 PSYoungGen      total 104960K, used 104949K [0x00000000e0000000, 0x00000000eb180000, 0x0000000100000000)
  eden space 97280K, 100% used [0x00000000e0000000,0x00000000e5f00000,0x00000000e5f00000)
  from space 7680K, 99% used [0x00000000e7500000,0x00000000e7c7d430,0x00000000e7c80000)
  to   space 22528K, 85% used [0x00000000e5f00000,0x00000000e71d84c0,0x00000000e7500000)
 ParOldGen       total 146432K, used 33835K [0x00000000a0000000, 0x00000000a8f00000, 0x00000000e0000000)
  object space 146432K, 23% used [0x00000000a0000000,0x00000000a210ac18,0x00000000a8f00000)
 Metaspace       used 54825K, capacity 56013K, committed 56408K, reserved 1097728K
  class space    used 6914K, capacity 7219K, committed 7296K, reserved 1048576K
GC Heap History (10 events):
Event: 2.280 GC heap after
Heap after GC invocations=5 (full 2):
 PSYoungGen      total 56832K, used 0K [0x00000000e0000000, 0x00000000e6f00000, 0x0000000100000000)
  eden space 49152K, 0% used [0x00000000e0000000,0x00000000e0000000,0x00000000e3000000)
  from space 7680K, 0% used [0x00000000e3000000,0x00000000e3000000,0x00000000e3780000)
  to   space 7680K, 0% used [0x00000000e6780000,0x00000000e6780000,0x00000000e6f00000)
 ParOldGen       total 87040K, used 9451K [0x00000000a0000000, 0x00000000a5500000, 0x00000000e0000000)
  object space 87040K, 10% used [0x00000000a0000000,0x00000000a093ad90,0x00000000a5500000)
 Metaspace       used 20725K, capacity 21122K, committed 21248K, reserved 1069056K
  class space    used 2452K, capacity 2545K, committed 2560K, reserved 1048576K
}
Event: 3.324 GC heap before
{Heap before GC invocations=6 (full 2):
 PSYoungGen      total 56832K, used 49152K [0x00000000e0000000, 0x00000000e6f00000, 0x0000000100000000)
  eden space 49152K, 100% used [0x00000000e0000000,0x00000000e3000000,0x00000000e3000000)
  from space 7680K, 0% used [0x00000000e3000000,0x00000000e3000000,0x00000000e3780000)
  to   space 7680K, 0% used [0x00000000e6780000,0x00000000e6780000,0x00000000e6f00000)
 ParOldGen       total 87040K, used 9451K [0x00000000a0000000, 0x00000000a5500000, 0x00000000e0000000)
  object space 87040K, 10% used [0x00000000a0000000,0x00000000a093ad90,0x00000000a5500000)
 Metaspace       used 28927K, capacity 29520K, committed 29824K, reserved 1075200K
  class space    used 3748K, capacity 3930K, committed 3968K, reserved 1048576K
Event: 3.346 GC heap after
Heap after GC invocations=6 (full 2):
 PSYoungGen      total 81920K, used 7677K [0x00000000e0000000, 0x00000000e6f00000, 0x0000000100000000)
  eden space 74240K, 0% used [0x00000000e0000000,0x00000000e0000000,0x00000000e4880000)
  from space 7680K, 99% used [0x00000000e6780000,0x00000000e6eff5c0,0x00000000e6f00000)
  to   space 7680K, 0% used [0x00000000e6000000,0x00000000e6000000,0x00000000e6780000)
 ParOldGen       total 87040K, used 13283K [0x00000000a0000000, 0x00000000a5500000, 0x00000000e0000000)
  object space 87040K, 15% used [0x00000000a0000000,0x00000000a0cf8f90,0x00000000a5500000)
 Metaspace       used 28927K, capacity 29520K, committed 29824K, reserved 1075200K
  class space    used 3748K, capacity 3930K, committed 3968K, reserved 1048576K
}
Event: 4.158 GC heap before
{Heap before GC invocations=7 (full 2):
 PSYoungGen      total 81920K, used 49562K [0x00000000e0000000, 0x00000000e6f00000, 0x0000000100000000)
  eden space 74240K, 56% used [0x00000000e0000000,0x00000000e28e73a0,0x00000000e4880000)
  from space 7680K, 99% used [0x00000000e6780000,0x00000000e6eff5c0,0x00000000e6f00000)
  to   space 7680K, 0% used [0x00000000e6000000,0x00000000e6000000,0x00000000e6780000)
 ParOldGen       total 87040K, used 13283K [0x00000000a0000000, 0x00000000a5500000, 0x00000000e0000000)
  object space 87040K, 15% used [0x00000000a0000000,0x00000000a0cf8f90,0x00000000a5500000)
 Metaspace       used 34706K, capacity 35198K, committed 35416K, reserved 1079296K
  class space    used 4490K, capacity 4643K, committed 4736K, reserved 1048576K
Event: 4.175 GC heap after
Heap after GC invocations=7 (full 2):
 PSYoungGen      total 105984K, used 7666K [0x00000000e0000000, 0x00000000e7c80000, 0x0000000100000000)
  eden space 98304K, 0% used [0x00000000e0000000,0x00000000e0000000,0x00000000e6000000)
  from space 7680K, 99% used [0x00000000e6000000,0x00000000e677cb48,0x00000000e6780000)
  to   space 7680K, 0% used [0x00000000e7500000,0x00000000e7500000,0x00000000e7c80000)
 ParOldGen       total 87040K, used 20348K [0x00000000a0000000, 0x00000000a5500000, 0x00000000e0000000)
  object space 87040K, 23% used [0x00000000a0000000,0x00000000a13df008,0x00000000a5500000)
 Metaspace       used 34706K, capacity 35198K, committed 35416K, reserved 1079296K
  class space    used 4490K, capacity 4643K, committed 4736K, reserved 1048576K
}
Event: 4.175 GC heap before
{Heap before GC invocations=8 (full 3):
 PSYoungGen      total 105984K, used 7666K [0x00000000e0000000, 0x00000000e7c80000, 0x0000000100000000)
  eden space 98304K, 0% used [0x00000000e0000000,0x00000000e0000000,0x00000000e6000000)
  from space 7680K, 99% used [0x00000000e6000000,0x00000000e677cb48,0x00000000e6780000)
  to   space 7680K, 0% used [0x00000000e7500000,0x00000000e7500000,0x00000000e7c80000)
 ParOldGen       total 87040K, used 20348K [0x00000000a0000000, 0x00000000a5500000, 0x00000000e0000000)
  object space 87040K, 23% used [0x00000000a0000000,0x00000000a13df008,0x00000000a5500000)
 Metaspace       used 34706K, capacity 35198K, committed 35416K, reserved 1079296K
  class space    used 4490K, capacity 4643K, committed 4736K, reserved 1048576K
Event: 4.255 GC heap after
Heap after GC invocations=8 (full 3):
 PSYoungGen      total 105984K, used 0K [0x00000000e0000000, 0x00000000e7c80000, 0x0000000100000000)
  eden space 98304K, 0% used [0x00000000e0000000,0x00000000e0000000,0x00000000e6000000)
  from space 7680K, 0% used [0x00000000e6000000,0x00000000e6000000,0x00000000e6780000)
  to   space 7680K, 0% used [0x00000000e7500000,0x00000000e7500000,0x00000000e7c80000)
 ParOldGen       total 146432K, used 20817K [0x00000000a0000000, 0x00000000a8f00000, 0x00000000e0000000)
  object space 146432K, 14% used [0x00000000a0000000,0x00000000a14547a0,0x00000000a8f00000)
 Metaspace       used 34706K, capacity 35198K, committed 35416K, reserved 1079296K
  class space    used 4490K, capacity 4643K, committed 4736K, reserved 1048576K
}
Event: 6.362 GC heap before
{Heap before GC invocations=9 (full 3):
 PSYoungGen      total 105984K, used 98304K [0x00000000e0000000, 0x00000000e7c80000, 0x0000000100000000)
  eden space 98304K, 100% used [0x00000000e0000000,0x00000000e6000000,0x00000000e6000000)
  from space 7680K, 0% used [0x00000000e6000000,0x00000000e6000000,0x00000000e6780000)
  to   space 7680K, 0% used [0x00000000e7500000,0x00000000e7500000,0x00000000e7c80000)
 ParOldGen       total 146432K, used 20817K [0x00000000a0000000, 0x00000000a8f00000, 0x00000000e0000000)
  object space 146432K, 14% used [0x00000000a0000000,0x00000000a14547a0,0x00000000a8f00000)
 Metaspace       used 43092K, capacity 43877K, committed 44120K, reserved 1087488K
  class space    used 5462K, capacity 5641K, committed 5760K, reserved 1048576K
Event: 6.396 GC heap after
Heap after GC invocations=9 (full 3):
 PSYoungGen      total 104960K, used 7669K [0x00000000e0000000, 0x00000000eb180000, 0x0000000100000000)
  eden space 97280K, 0% used [0x00000000e0000000,0x00000000e0000000,0x00000000e5f00000)
  from space 7680K, 99% used [0x00000000e7500000,0x00000000e7c7d430,0x00000000e7c80000)
  to   space 22528K, 0% used [0x00000000e5f00000,0x00000000e5f00000,0x00000000e7500000)
 ParOldGen       total 146432K, used 33827K [0x00000000a0000000, 0x00000000a8f00000, 0x00000000e0000000)
  object space 146432K, 23% used [0x00000000a0000000,0x00000000a2108c18,0x00000000a8f00000)
 Metaspace       used 43092K, capacity 43877K, committed 44120K, reserved 1087488K
  class space    used 5462K, capacity 5641K, committed 5760K, reserved 1048576K
}
Event: 17.991 GC heap before
{Heap before GC invocations=10 (full 3):
 PSYoungGen      total 104960K, used 104949K [0x00000000e0000000, 0x00000000eb180000, 0x0000000100000000)
  eden space 97280K, 100% used [0x00000000e0000000,0x00000000e5f00000,0x00000000e5f00000)
  from space 7680K, 99% used [0x00000000e7500000,0x00000000e7c7d430,0x00000000e7c80000)
  to   space 22528K, 0% used [0x00000000e5f00000,0x00000000e5f00000,0x00000000e7500000)
 ParOldGen       total 146432K, used 33827K [0x00000000a0000000, 0x00000000a8f00000, 0x00000000e0000000)
  object space 146432K, 23% used [0x00000000a0000000,0x00000000a2108c18,0x00000000a8f00000)
 Metaspace       used 54825K, capacity 56013K, committed 56408K, reserved 1097728K
  class space    used 6914K, capacity 7219K, committed 7296K, reserved 1048576K

